<?xml version="1.0" encoding="UTF-8"?>
<testsuite xmlns:xsi="http://www.w3.org/2001/XMLSchema-instance" xsi:noNamespaceSchemaLocation="https://maven.apache.org/surefire/maven-surefire-plugin/xsd/surefire-test-report.xsd" name="com.wclp.springserver.SpringServerApplicationTests" time="6.003" tests="1" errors="0" skipped="0" failures="0">
  <properties>
    <property name="sun.desktop" value="windows"/>
    <property name="awt.toolkit" value="sun.awt.windows.WToolkit"/>
    <property name="file.encoding.pkg" value="sun.io"/>
    <property name="java.specification.version" value="1.8"/>
    <property name="sun.cpu.isalist" value="amd64"/>
    <property name="sun.jnu.encoding" value="GBK"/>
    <property name="java.class.path" value="J:\wxlp\SpringServer\target\test-classes;J:\wxlp\SpringServer\target\classes;F:\.m2\repository\org\springframework\boot\spring-boot-starter-web\2.6.7\spring-boot-starter-web-2.6.7.jar;F:\.m2\repository\org\springframework\boot\spring-boot-starter\2.6.7\spring-boot-starter-2.6.7.jar;F:\.m2\repository\org\springframework\boot\spring-boot-starter-logging\2.6.7\spring-boot-starter-logging-2.6.7.jar;F:\.m2\repository\ch\qos\logback\logback-classic\1.2.11\logback-classic-1.2.11.jar;F:\.m2\repository\ch\qos\logback\logback-core\1.2.11\logback-core-1.2.11.jar;F:\.m2\repository\org\apache\logging\log4j\log4j-to-slf4j\2.17.2\log4j-to-slf4j-2.17.2.jar;F:\.m2\repository\org\apache\logging\log4j\log4j-api\2.17.2\log4j-api-2.17.2.jar;F:\.m2\repository\org\slf4j\jul-to-slf4j\1.7.36\jul-to-slf4j-1.7.36.jar;F:\.m2\repository\jakarta\annotation\jakarta.annotation-api\1.3.5\jakarta.annotation-api-1.3.5.jar;F:\.m2\repository\org\yaml\snakeyaml\1.29\snakeyaml-1.29.jar;F:\.m2\repository\org\springframework\boot\spring-boot-starter-json\2.6.7\spring-boot-starter-json-2.6.7.jar;F:\.m2\repository\com\fasterxml\jackson\datatype\jackson-datatype-jdk8\2.13.2\jackson-datatype-jdk8-2.13.2.jar;F:\.m2\repository\com\fasterxml\jackson\datatype\jackson-datatype-jsr310\2.13.2\jackson-datatype-jsr310-2.13.2.jar;F:\.m2\repository\com\fasterxml\jackson\module\jackson-module-parameter-names\2.13.2\jackson-module-parameter-names-2.13.2.jar;F:\.m2\repository\org\springframework\boot\spring-boot-starter-tomcat\2.6.7\spring-boot-starter-tomcat-2.6.7.jar;F:\.m2\repository\org\apache\tomcat\embed\tomcat-embed-core\9.0.62\tomcat-embed-core-9.0.62.jar;F:\.m2\repository\org\apache\tomcat\embed\tomcat-embed-el\9.0.62\tomcat-embed-el-9.0.62.jar;F:\.m2\repository\org\apache\tomcat\embed\tomcat-embed-websocket\9.0.62\tomcat-embed-websocket-9.0.62.jar;F:\.m2\repository\org\springframework\spring-web\5.3.19\spring-web-5.3.19.jar;F:\.m2\repository\org\springframework\spring-beans\5.3.19\spring-beans-5.3.19.jar;F:\.m2\repository\org\springframework\spring-webmvc\5.3.19\spring-webmvc-5.3.19.jar;F:\.m2\repository\org\springframework\spring-aop\5.3.19\spring-aop-5.3.19.jar;F:\.m2\repository\org\springframework\spring-context\5.3.19\spring-context-5.3.19.jar;F:\.m2\repository\org\springframework\spring-expression\5.3.19\spring-expression-5.3.19.jar;F:\.m2\repository\org\springframework\boot\spring-boot-devtools\2.6.7\spring-boot-devtools-2.6.7.jar;F:\.m2\repository\org\springframework\boot\spring-boot\2.6.7\spring-boot-2.6.7.jar;F:\.m2\repository\org\springframework\boot\spring-boot-autoconfigure\2.6.7\spring-boot-autoconfigure-2.6.7.jar;F:\.m2\repository\mysql\mysql-connector-java\8.0.29\mysql-connector-java-8.0.29.jar;F:\.m2\repository\org\springframework\boot\spring-boot-starter-data-redis\2.6.7\spring-boot-starter-data-redis-2.6.7.jar;F:\.m2\repository\org\springframework\data\spring-data-redis\2.6.4\spring-data-redis-2.6.4.jar;F:\.m2\repository\org\springframework\data\spring-data-keyvalue\2.6.4\spring-data-keyvalue-2.6.4.jar;F:\.m2\repository\org\springframework\data\spring-data-commons\2.6.4\spring-data-commons-2.6.4.jar;F:\.m2\repository\org\springframework\spring-tx\5.3.19\spring-tx-5.3.19.jar;F:\.m2\repository\org\springframework\spring-oxm\5.3.19\spring-oxm-5.3.19.jar;F:\.m2\repository\org\springframework\spring-context-support\5.3.19\spring-context-support-5.3.19.jar;F:\.m2\repository\io\lettuce\lettuce-core\6.1.8.RELEASE\lettuce-core-6.1.8.RELEASE.jar;F:\.m2\repository\io\netty\netty-common\4.1.76.Final\netty-common-4.1.76.Final.jar;F:\.m2\repository\io\netty\netty-handler\4.1.76.Final\netty-handler-4.1.76.Final.jar;F:\.m2\repository\io\netty\netty-resolver\4.1.76.Final\netty-resolver-4.1.76.Final.jar;F:\.m2\repository\io\netty\netty-buffer\4.1.76.Final\netty-buffer-4.1.76.Final.jar;F:\.m2\repository\io\netty\netty-codec\4.1.76.Final\netty-codec-4.1.76.Final.jar;F:\.m2\repository\io\netty\netty-transport\4.1.76.Final\netty-transport-4.1.76.Final.jar;F:\.m2\repository\io\projectreactor\reactor-core\3.4.17\reactor-core-3.4.17.jar;F:\.m2\repository\org\reactivestreams\reactive-streams\1.0.3\reactive-streams-1.0.3.jar;F:\.m2\repository\org\apache\commons\commons-pool2\2.11.1\commons-pool2-2.11.1.jar;F:\.m2\repository\com\alibaba\druid-spring-boot-starter\1.2.9\druid-spring-boot-starter-1.2.9.jar;F:\.m2\repository\com\alibaba\druid\1.2.9\druid-1.2.9.jar;F:\.m2\repository\org\slf4j\slf4j-api\1.7.36\slf4j-api-1.7.36.jar;F:\.m2\repository\com\github\pagehelper\pagehelper\5.3.0\pagehelper-5.3.0.jar;F:\.m2\repository\com\github\jsqlparser\jsqlparser\4.2\jsqlparser-4.2.jar;F:\.m2\repository\org\springframework\integration\spring-integration-mqtt\5.5.11\spring-integration-mqtt-5.5.11.jar;F:\.m2\repository\org\springframework\integration\spring-integration-core\5.5.11\spring-integration-core-5.5.11.jar;F:\.m2\repository\org\springframework\spring-messaging\5.3.19\spring-messaging-5.3.19.jar;F:\.m2\repository\org\springframework\retry\spring-retry\1.3.3\spring-retry-1.3.3.jar;F:\.m2\repository\org\springframework\integration\spring-integration-stream\5.5.11\spring-integration-stream-5.5.11.jar;F:\.m2\repository\org\springframework\boot\spring-boot-starter-actuator\2.6.7\spring-boot-starter-actuator-2.6.7.jar;F:\.m2\repository\org\springframework\boot\spring-boot-actuator-autoconfigure\2.6.7\spring-boot-actuator-autoconfigure-2.6.7.jar;F:\.m2\repository\org\springframework\boot\spring-boot-actuator\2.6.7\spring-boot-actuator-2.6.7.jar;F:\.m2\repository\io\micrometer\micrometer-core\1.8.5\micrometer-core-1.8.5.jar;F:\.m2\repository\org\hdrhistogram\HdrHistogram\2.1.12\HdrHistogram-2.1.12.jar;F:\.m2\repository\org\latencyutils\LatencyUtils\2.0.3\LatencyUtils-2.0.3.jar;F:\.m2\repository\com\google\code\gson\gson\2.8.9\gson-2.8.9.jar;F:\.m2\repository\org\springframework\boot\spring-boot-configuration-processor\2.6.7\spring-boot-configuration-processor-2.6.7.jar;F:\.m2\repository\org\eclipse\paho\org.eclipse.paho.client.mqttv3\1.2.5\org.eclipse.paho.client.mqttv3-1.2.5.jar;F:\.m2\repository\org\fusesource\mqtt-client\mqtt-client\1.16\mqtt-client-1.16.jar;F:\.m2\repository\org\fusesource\hawtdispatch\hawtdispatch-transport\1.22\hawtdispatch-transport-1.22.jar;F:\.m2\repository\org\fusesource\hawtdispatch\hawtdispatch\1.22\hawtdispatch-1.22.jar;F:\.m2\repository\org\fusesource\hawtbuf\hawtbuf\1.11\hawtbuf-1.11.jar;F:\.m2\repository\org\springframework\boot\spring-boot-starter-test\2.6.7\spring-boot-starter-test-2.6.7.jar;F:\.m2\repository\org\springframework\boot\spring-boot-test\2.6.7\spring-boot-test-2.6.7.jar;F:\.m2\repository\org\springframework\boot\spring-boot-test-autoconfigure\2.6.7\spring-boot-test-autoconfigure-2.6.7.jar;F:\.m2\repository\com\jayway\jsonpath\json-path\2.6.0\json-path-2.6.0.jar;F:\.m2\repository\net\minidev\json-smart\2.4.8\json-smart-2.4.8.jar;F:\.m2\repository\net\minidev\accessors-smart\2.4.8\accessors-smart-2.4.8.jar;F:\.m2\repository\org\ow2\asm\asm\9.1\asm-9.1.jar;F:\.m2\repository\jakarta\xml\bind\jakarta.xml.bind-api\2.3.3\jakarta.xml.bind-api-2.3.3.jar;F:\.m2\repository\jakarta\activation\jakarta.activation-api\1.2.2\jakarta.activation-api-1.2.2.jar;F:\.m2\repository\org\assertj\assertj-core\3.21.0\assertj-core-3.21.0.jar;F:\.m2\repository\org\hamcrest\hamcrest\2.2\hamcrest-2.2.jar;F:\.m2\repository\org\junit\jupiter\junit-jupiter\5.8.2\junit-jupiter-5.8.2.jar;F:\.m2\repository\org\junit\jupiter\junit-jupiter-api\5.8.2\junit-jupiter-api-5.8.2.jar;F:\.m2\repository\org\opentest4j\opentest4j\1.2.0\opentest4j-1.2.0.jar;F:\.m2\repository\org\junit\platform\junit-platform-commons\1.8.2\junit-platform-commons-1.8.2.jar;F:\.m2\repository\org\apiguardian\apiguardian-api\1.1.2\apiguardian-api-1.1.2.jar;F:\.m2\repository\org\junit\jupiter\junit-jupiter-params\5.8.2\junit-jupiter-params-5.8.2.jar;F:\.m2\repository\org\junit\jupiter\junit-jupiter-engine\5.8.2\junit-jupiter-engine-5.8.2.jar;F:\.m2\repository\org\junit\platform\junit-platform-engine\1.8.2\junit-platform-engine-1.8.2.jar;F:\.m2\repository\org\mockito\mockito-core\4.0.0\mockito-core-4.0.0.jar;F:\.m2\repository\net\bytebuddy\byte-buddy\1.11.22\byte-buddy-1.11.22.jar;F:\.m2\repository\net\bytebuddy\byte-buddy-agent\1.11.22\byte-buddy-agent-1.11.22.jar;F:\.m2\repository\org\objenesis\objenesis\3.2\objenesis-3.2.jar;F:\.m2\repository\org\mockito\mockito-junit-jupiter\4.0.0\mockito-junit-jupiter-4.0.0.jar;F:\.m2\repository\org\skyscreamer\jsonassert\1.5.0\jsonassert-1.5.0.jar;F:\.m2\repository\com\vaadin\external\google\android-json\0.0.20131108.vaadin1\android-json-0.0.20131108.vaadin1.jar;F:\.m2\repository\org\springframework\spring-core\5.3.19\spring-core-5.3.19.jar;F:\.m2\repository\org\springframework\spring-jcl\5.3.19\spring-jcl-5.3.19.jar;F:\.m2\repository\org\springframework\spring-test\5.3.19\spring-test-5.3.19.jar;F:\.m2\repository\org\xmlunit\xmlunit-core\2.8.4\xmlunit-core-2.8.4.jar;F:\.m2\repository\com\baomidou\mybatis-plus-boot-starter\3.5.1\mybatis-plus-boot-starter-3.5.1.jar;F:\.m2\repository\org\springframework\boot\spring-boot-starter-jdbc\2.6.7\spring-boot-starter-jdbc-2.6.7.jar;F:\.m2\repository\com\zaxxer\HikariCP\4.0.3\HikariCP-4.0.3.jar;F:\.m2\repository\org\springframework\spring-jdbc\5.3.19\spring-jdbc-5.3.19.jar;F:\.m2\repository\com\baomidou\mybatis-plus\3.5.1\mybatis-plus-3.5.1.jar;F:\.m2\repository\com\baomidou\mybatis-plus-extension\3.5.1\mybatis-plus-extension-3.5.1.jar;F:\.m2\repository\com\baomidou\mybatis-plus-core\3.5.1\mybatis-plus-core-3.5.1.jar;F:\.m2\repository\com\baomidou\mybatis-plus-annotation\3.5.1\mybatis-plus-annotation-3.5.1.jar;F:\.m2\repository\tk\mybatis\mapper-spring-boot-starter\4.2.1\mapper-spring-boot-starter-4.2.1.jar;F:\.m2\repository\org\mybatis\mybatis\3.5.9\mybatis-3.5.9.jar;F:\.m2\repository\org\mybatis\mybatis-spring\2.0.7\mybatis-spring-2.0.7.jar;F:\.m2\repository\tk\mybatis\mapper-core\4.2.1\mapper-core-4.2.1.jar;F:\.m2\repository\javax\persistence\persistence-api\1.0\persistence-api-1.0.jar;F:\.m2\repository\tk\mybatis\mapper-base\4.2.1\mapper-base-4.2.1.jar;F:\.m2\repository\tk\mybatis\mapper-weekend\4.2.1\mapper-weekend-4.2.1.jar;F:\.m2\repository\tk\mybatis\mapper-spring\4.2.1\mapper-spring-4.2.1.jar;F:\.m2\repository\tk\mybatis\mapper-extra\4.2.1\mapper-extra-4.2.1.jar;F:\.m2\repository\tk\mybatis\mapper-spring-boot-autoconfigure\4.2.1\mapper-spring-boot-autoconfigure-4.2.1.jar;F:\.m2\repository\com\fasterxml\jackson\core\jackson-databind\2.13.2\jackson-databind-2.13.2.jar;F:\.m2\repository\com\fasterxml\jackson\core\jackson-core\2.13.2\jackson-core-2.13.2.jar;F:\.m2\repository\com\fasterxml\jackson\core\jackson-annotations\2.13.2\jackson-annotations-2.13.2.jar;F:\.m2\repository\com\alibaba\fastjson\2.0.3\fastjson-2.0.3.jar;F:\.m2\repository\com\alibaba\fastjson2\fastjson2-extension\2.0.3\fastjson2-extension-2.0.3.jar;F:\.m2\repository\com\alibaba\fastjson2\fastjson2\2.0.3\fastjson2-2.0.3.jar;F:\.m2\repository\org\json\json\20220320\json-20220320.jar;F:\.m2\repository\org\jetbrains\kotlin\kotlin-stdlib-jdk8\1.6.21\kotlin-stdlib-jdk8-1.6.21.jar;F:\.m2\repository\org\jetbrains\kotlin\kotlin-stdlib\1.6.21\kotlin-stdlib-1.6.21.jar;F:\.m2\repository\org\jetbrains\kotlin\kotlin-stdlib-common\1.6.21\kotlin-stdlib-common-1.6.21.jar;F:\.m2\repository\org\jetbrains\annotations\13.0\annotations-13.0.jar;F:\.m2\repository\org\jetbrains\kotlin\kotlin-stdlib-jdk7\1.6.21\kotlin-stdlib-jdk7-1.6.21.jar;F:\.m2\repository\junit\junit\4.13.2\junit-4.13.2.jar;F:\.m2\repository\org\hamcrest\hamcrest-core\2.2\hamcrest-core-2.2.jar;F:\.m2\repository\org\projectlombok\lombok\1.18.24\lombok-1.18.24.jar;"/>
    <property name="java.vm.vendor" value="Oracle Corporation"/>
    <property name="sun.arch.data.model" value="64"/>
    <property name="user.variant" value=""/>
    <property name="java.vendor.url" value="http://java.oracle.com/"/>
    <property name="user.timezone" value="Asia/Shanghai"/>
    <property name="java.vm.specification.version" value="1.8"/>
    <property name="os.name" value="Windows 11"/>
    <property name="user.country" value="CN"/>
    <property name="sun.java.launcher" value="SUN_STANDARD"/>
    <property name="sun.boot.library.path" value="C:\Program Files\Java\jdk1.8.0_333\jre\bin"/>
    <property name="sun.java.command" value="C:\Users\C\AppData\Local\Temp\surefire6965091243704463957\surefirebooter8915185217613885576.jar C:\Users\C\AppData\Local\Temp\surefire6965091243704463957 2022-06-09T15-24-54_287-jvmRun1 surefire8835918101255912932tmp surefire_04463308747728333522tmp"/>
    <property name="surefire.test.class.path" value="J:\wxlp\SpringServer\target\test-classes;J:\wxlp\SpringServer\target\classes;F:\.m2\repository\org\springframework\boot\spring-boot-starter-web\2.6.7\spring-boot-starter-web-2.6.7.jar;F:\.m2\repository\org\springframework\boot\spring-boot-starter\2.6.7\spring-boot-starter-2.6.7.jar;F:\.m2\repository\org\springframework\boot\spring-boot-starter-logging\2.6.7\spring-boot-starter-logging-2.6.7.jar;F:\.m2\repository\ch\qos\logback\logback-classic\1.2.11\logback-classic-1.2.11.jar;F:\.m2\repository\ch\qos\logback\logback-core\1.2.11\logback-core-1.2.11.jar;F:\.m2\repository\org\apache\logging\log4j\log4j-to-slf4j\2.17.2\log4j-to-slf4j-2.17.2.jar;F:\.m2\repository\org\apache\logging\log4j\log4j-api\2.17.2\log4j-api-2.17.2.jar;F:\.m2\repository\org\slf4j\jul-to-slf4j\1.7.36\jul-to-slf4j-1.7.36.jar;F:\.m2\repository\jakarta\annotation\jakarta.annotation-api\1.3.5\jakarta.annotation-api-1.3.5.jar;F:\.m2\repository\org\yaml\snakeyaml\1.29\snakeyaml-1.29.jar;F:\.m2\repository\org\springframework\boot\spring-boot-starter-json\2.6.7\spring-boot-starter-json-2.6.7.jar;F:\.m2\repository\com\fasterxml\jackson\datatype\jackson-datatype-jdk8\2.13.2\jackson-datatype-jdk8-2.13.2.jar;F:\.m2\repository\com\fasterxml\jackson\datatype\jackson-datatype-jsr310\2.13.2\jackson-datatype-jsr310-2.13.2.jar;F:\.m2\repository\com\fasterxml\jackson\module\jackson-module-parameter-names\2.13.2\jackson-module-parameter-names-2.13.2.jar;F:\.m2\repository\org\springframework\boot\spring-boot-starter-tomcat\2.6.7\spring-boot-starter-tomcat-2.6.7.jar;F:\.m2\repository\org\apache\tomcat\embed\tomcat-embed-core\9.0.62\tomcat-embed-core-9.0.62.jar;F:\.m2\repository\org\apache\tomcat\embed\tomcat-embed-el\9.0.62\tomcat-embed-el-9.0.62.jar;F:\.m2\repository\org\apache\tomcat\embed\tomcat-embed-websocket\9.0.62\tomcat-embed-websocket-9.0.62.jar;F:\.m2\repository\org\springframework\spring-web\5.3.19\spring-web-5.3.19.jar;F:\.m2\repository\org\springframework\spring-beans\5.3.19\spring-beans-5.3.19.jar;F:\.m2\repository\org\springframework\spring-webmvc\5.3.19\spring-webmvc-5.3.19.jar;F:\.m2\repository\org\springframework\spring-aop\5.3.19\spring-aop-5.3.19.jar;F:\.m2\repository\org\springframework\spring-context\5.3.19\spring-context-5.3.19.jar;F:\.m2\repository\org\springframework\spring-expression\5.3.19\spring-expression-5.3.19.jar;F:\.m2\repository\org\springframework\boot\spring-boot-devtools\2.6.7\spring-boot-devtools-2.6.7.jar;F:\.m2\repository\org\springframework\boot\spring-boot\2.6.7\spring-boot-2.6.7.jar;F:\.m2\repository\org\springframework\boot\spring-boot-autoconfigure\2.6.7\spring-boot-autoconfigure-2.6.7.jar;F:\.m2\repository\mysql\mysql-connector-java\8.0.29\mysql-connector-java-8.0.29.jar;F:\.m2\repository\org\springframework\boot\spring-boot-starter-data-redis\2.6.7\spring-boot-starter-data-redis-2.6.7.jar;F:\.m2\repository\org\springframework\data\spring-data-redis\2.6.4\spring-data-redis-2.6.4.jar;F:\.m2\repository\org\springframework\data\spring-data-keyvalue\2.6.4\spring-data-keyvalue-2.6.4.jar;F:\.m2\repository\org\springframework\data\spring-data-commons\2.6.4\spring-data-commons-2.6.4.jar;F:\.m2\repository\org\springframework\spring-tx\5.3.19\spring-tx-5.3.19.jar;F:\.m2\repository\org\springframework\spring-oxm\5.3.19\spring-oxm-5.3.19.jar;F:\.m2\repository\org\springframework\spring-context-support\5.3.19\spring-context-support-5.3.19.jar;F:\.m2\repository\io\lettuce\lettuce-core\6.1.8.RELEASE\lettuce-core-6.1.8.RELEASE.jar;F:\.m2\repository\io\netty\netty-common\4.1.76.Final\netty-common-4.1.76.Final.jar;F:\.m2\repository\io\netty\netty-handler\4.1.76.Final\netty-handler-4.1.76.Final.jar;F:\.m2\repository\io\netty\netty-resolver\4.1.76.Final\netty-resolver-4.1.76.Final.jar;F:\.m2\repository\io\netty\netty-buffer\4.1.76.Final\netty-buffer-4.1.76.Final.jar;F:\.m2\repository\io\netty\netty-codec\4.1.76.Final\netty-codec-4.1.76.Final.jar;F:\.m2\repository\io\netty\netty-transport\4.1.76.Final\netty-transport-4.1.76.Final.jar;F:\.m2\repository\io\projectreactor\reactor-core\3.4.17\reactor-core-3.4.17.jar;F:\.m2\repository\org\reactivestreams\reactive-streams\1.0.3\reactive-streams-1.0.3.jar;F:\.m2\repository\org\apache\commons\commons-pool2\2.11.1\commons-pool2-2.11.1.jar;F:\.m2\repository\com\alibaba\druid-spring-boot-starter\1.2.9\druid-spring-boot-starter-1.2.9.jar;F:\.m2\repository\com\alibaba\druid\1.2.9\druid-1.2.9.jar;F:\.m2\repository\org\slf4j\slf4j-api\1.7.36\slf4j-api-1.7.36.jar;F:\.m2\repository\com\github\pagehelper\pagehelper\5.3.0\pagehelper-5.3.0.jar;F:\.m2\repository\com\github\jsqlparser\jsqlparser\4.2\jsqlparser-4.2.jar;F:\.m2\repository\org\springframework\integration\spring-integration-mqtt\5.5.11\spring-integration-mqtt-5.5.11.jar;F:\.m2\repository\org\springframework\integration\spring-integration-core\5.5.11\spring-integration-core-5.5.11.jar;F:\.m2\repository\org\springframework\spring-messaging\5.3.19\spring-messaging-5.3.19.jar;F:\.m2\repository\org\springframework\retry\spring-retry\1.3.3\spring-retry-1.3.3.jar;F:\.m2\repository\org\springframework\integration\spring-integration-stream\5.5.11\spring-integration-stream-5.5.11.jar;F:\.m2\repository\org\springframework\boot\spring-boot-starter-actuator\2.6.7\spring-boot-starter-actuator-2.6.7.jar;F:\.m2\repository\org\springframework\boot\spring-boot-actuator-autoconfigure\2.6.7\spring-boot-actuator-autoconfigure-2.6.7.jar;F:\.m2\repository\org\springframework\boot\spring-boot-actuator\2.6.7\spring-boot-actuator-2.6.7.jar;F:\.m2\repository\io\micrometer\micrometer-core\1.8.5\micrometer-core-1.8.5.jar;F:\.m2\repository\org\hdrhistogram\HdrHistogram\2.1.12\HdrHistogram-2.1.12.jar;F:\.m2\repository\org\latencyutils\LatencyUtils\2.0.3\LatencyUtils-2.0.3.jar;F:\.m2\repository\com\google\code\gson\gson\2.8.9\gson-2.8.9.jar;F:\.m2\repository\org\springframework\boot\spring-boot-configuration-processor\2.6.7\spring-boot-configuration-processor-2.6.7.jar;F:\.m2\repository\org\eclipse\paho\org.eclipse.paho.client.mqttv3\1.2.5\org.eclipse.paho.client.mqttv3-1.2.5.jar;F:\.m2\repository\org\fusesource\mqtt-client\mqtt-client\1.16\mqtt-client-1.16.jar;F:\.m2\repository\org\fusesource\hawtdispatch\hawtdispatch-transport\1.22\hawtdispatch-transport-1.22.jar;F:\.m2\repository\org\fusesource\hawtdispatch\hawtdispatch\1.22\hawtdispatch-1.22.jar;F:\.m2\repository\org\fusesource\hawtbuf\hawtbuf\1.11\hawtbuf-1.11.jar;F:\.m2\repository\org\springframework\boot\spring-boot-starter-test\2.6.7\spring-boot-starter-test-2.6.7.jar;F:\.m2\repository\org\springframework\boot\spring-boot-test\2.6.7\spring-boot-test-2.6.7.jar;F:\.m2\repository\org\springframework\boot\spring-boot-test-autoconfigure\2.6.7\spring-boot-test-autoconfigure-2.6.7.jar;F:\.m2\repository\com\jayway\jsonpath\json-path\2.6.0\json-path-2.6.0.jar;F:\.m2\repository\net\minidev\json-smart\2.4.8\json-smart-2.4.8.jar;F:\.m2\repository\net\minidev\accessors-smart\2.4.8\accessors-smart-2.4.8.jar;F:\.m2\repository\org\ow2\asm\asm\9.1\asm-9.1.jar;F:\.m2\repository\jakarta\xml\bind\jakarta.xml.bind-api\2.3.3\jakarta.xml.bind-api-2.3.3.jar;F:\.m2\repository\jakarta\activation\jakarta.activation-api\1.2.2\jakarta.activation-api-1.2.2.jar;F:\.m2\repository\org\assertj\assertj-core\3.21.0\assertj-core-3.21.0.jar;F:\.m2\repository\org\hamcrest\hamcrest\2.2\hamcrest-2.2.jar;F:\.m2\repository\org\junit\jupiter\junit-jupiter\5.8.2\junit-jupiter-5.8.2.jar;F:\.m2\repository\org\junit\jupiter\junit-jupiter-api\5.8.2\junit-jupiter-api-5.8.2.jar;F:\.m2\repository\org\opentest4j\opentest4j\1.2.0\opentest4j-1.2.0.jar;F:\.m2\repository\org\junit\platform\junit-platform-commons\1.8.2\junit-platform-commons-1.8.2.jar;F:\.m2\repository\org\apiguardian\apiguardian-api\1.1.2\apiguardian-api-1.1.2.jar;F:\.m2\repository\org\junit\jupiter\junit-jupiter-params\5.8.2\junit-jupiter-params-5.8.2.jar;F:\.m2\repository\org\junit\jupiter\junit-jupiter-engine\5.8.2\junit-jupiter-engine-5.8.2.jar;F:\.m2\repository\org\junit\platform\junit-platform-engine\1.8.2\junit-platform-engine-1.8.2.jar;F:\.m2\repository\org\mockito\mockito-core\4.0.0\mockito-core-4.0.0.jar;F:\.m2\repository\net\bytebuddy\byte-buddy\1.11.22\byte-buddy-1.11.22.jar;F:\.m2\repository\net\bytebuddy\byte-buddy-agent\1.11.22\byte-buddy-agent-1.11.22.jar;F:\.m2\repository\org\objenesis\objenesis\3.2\objenesis-3.2.jar;F:\.m2\repository\org\mockito\mockito-junit-jupiter\4.0.0\mockito-junit-jupiter-4.0.0.jar;F:\.m2\repository\org\skyscreamer\jsonassert\1.5.0\jsonassert-1.5.0.jar;F:\.m2\repository\com\vaadin\external\google\android-json\0.0.20131108.vaadin1\android-json-0.0.20131108.vaadin1.jar;F:\.m2\repository\org\springframework\spring-core\5.3.19\spring-core-5.3.19.jar;F:\.m2\repository\org\springframework\spring-jcl\5.3.19\spring-jcl-5.3.19.jar;F:\.m2\repository\org\springframework\spring-test\5.3.19\spring-test-5.3.19.jar;F:\.m2\repository\org\xmlunit\xmlunit-core\2.8.4\xmlunit-core-2.8.4.jar;F:\.m2\repository\com\baomidou\mybatis-plus-boot-starter\3.5.1\mybatis-plus-boot-starter-3.5.1.jar;F:\.m2\repository\org\springframework\boot\spring-boot-starter-jdbc\2.6.7\spring-boot-starter-jdbc-2.6.7.jar;F:\.m2\repository\com\zaxxer\HikariCP\4.0.3\HikariCP-4.0.3.jar;F:\.m2\repository\org\springframework\spring-jdbc\5.3.19\spring-jdbc-5.3.19.jar;F:\.m2\repository\com\baomidou\mybatis-plus\3.5.1\mybatis-plus-3.5.1.jar;F:\.m2\repository\com\baomidou\mybatis-plus-extension\3.5.1\mybatis-plus-extension-3.5.1.jar;F:\.m2\repository\com\baomidou\mybatis-plus-core\3.5.1\mybatis-plus-core-3.5.1.jar;F:\.m2\repository\com\baomidou\mybatis-plus-annotation\3.5.1\mybatis-plus-annotation-3.5.1.jar;F:\.m2\repository\tk\mybatis\mapper-spring-boot-starter\4.2.1\mapper-spring-boot-starter-4.2.1.jar;F:\.m2\repository\org\mybatis\mybatis\3.5.9\mybatis-3.5.9.jar;F:\.m2\repository\org\mybatis\mybatis-spring\2.0.7\mybatis-spring-2.0.7.jar;F:\.m2\repository\tk\mybatis\mapper-core\4.2.1\mapper-core-4.2.1.jar;F:\.m2\repository\javax\persistence\persistence-api\1.0\persistence-api-1.0.jar;F:\.m2\repository\tk\mybatis\mapper-base\4.2.1\mapper-base-4.2.1.jar;F:\.m2\repository\tk\mybatis\mapper-weekend\4.2.1\mapper-weekend-4.2.1.jar;F:\.m2\repository\tk\mybatis\mapper-spring\4.2.1\mapper-spring-4.2.1.jar;F:\.m2\repository\tk\mybatis\mapper-extra\4.2.1\mapper-extra-4.2.1.jar;F:\.m2\repository\tk\mybatis\mapper-spring-boot-autoconfigure\4.2.1\mapper-spring-boot-autoconfigure-4.2.1.jar;F:\.m2\repository\com\fasterxml\jackson\core\jackson-databind\2.13.2\jackson-databind-2.13.2.jar;F:\.m2\repository\com\fasterxml\jackson\core\jackson-core\2.13.2\jackson-core-2.13.2.jar;F:\.m2\repository\com\fasterxml\jackson\core\jackson-annotations\2.13.2\jackson-annotations-2.13.2.jar;F:\.m2\repository\com\alibaba\fastjson\2.0.3\fastjson-2.0.3.jar;F:\.m2\repository\com\alibaba\fastjson2\fastjson2-extension\2.0.3\fastjson2-extension-2.0.3.jar;F:\.m2\repository\com\alibaba\fastjson2\fastjson2\2.0.3\fastjson2-2.0.3.jar;F:\.m2\repository\org\json\json\20220320\json-20220320.jar;F:\.m2\repository\org\jetbrains\kotlin\kotlin-stdlib-jdk8\1.6.21\kotlin-stdlib-jdk8-1.6.21.jar;F:\.m2\repository\org\jetbrains\kotlin\kotlin-stdlib\1.6.21\kotlin-stdlib-1.6.21.jar;F:\.m2\repository\org\jetbrains\kotlin\kotlin-stdlib-common\1.6.21\kotlin-stdlib-common-1.6.21.jar;F:\.m2\repository\org\jetbrains\annotations\13.0\annotations-13.0.jar;F:\.m2\repository\org\jetbrains\kotlin\kotlin-stdlib-jdk7\1.6.21\kotlin-stdlib-jdk7-1.6.21.jar;F:\.m2\repository\junit\junit\4.13.2\junit-4.13.2.jar;F:\.m2\repository\org\hamcrest\hamcrest-core\2.2\hamcrest-core-2.2.jar;F:\.m2\repository\org\projectlombok\lombok\1.18.24\lombok-1.18.24.jar;"/>
    <property name="sun.cpu.endian" value="little"/>
    <property name="user.home" value="C:\Users\C"/>
    <property name="user.language" value="zh"/>
    <property name="java.specification.vendor" value="Oracle Corporation"/>
    <property name="java.home" value="C:\Program Files\Java\jdk1.8.0_333\jre"/>
    <property name="basedir" value="J:\wxlp\SpringServer"/>
    <property name="file.separator" value="\"/>
    <property name="line.separator" value="&#10;"/>
    <property name="java.vm.specification.vendor" value="Oracle Corporation"/>
    <property name="java.specification.name" value="Java Platform API Specification"/>
    <property name="java.awt.graphicsenv" value="sun.awt.Win32GraphicsEnvironment"/>
    <property name="surefire.real.class.path" value="C:\Users\C\AppData\Local\Temp\surefire6965091243704463957\surefirebooter8915185217613885576.jar"/>
    <property name="sun.boot.class.path" value="C:\Program Files\Java\jdk1.8.0_333\jre\lib\resources.jar;C:\Program Files\Java\jdk1.8.0_333\jre\lib\rt.jar;C:\Program Files\Java\jdk1.8.0_333\jre\lib\sunrsasign.jar;C:\Program Files\Java\jdk1.8.0_333\jre\lib\jsse.jar;C:\Program Files\Java\jdk1.8.0_333\jre\lib\jce.jar;C:\Program Files\Java\jdk1.8.0_333\jre\lib\charsets.jar;C:\Program Files\Java\jdk1.8.0_333\jre\lib\jfr.jar;C:\Program Files\Java\jdk1.8.0_333\jre\classes"/>
    <property name="user.script" value=""/>
    <property name="sun.management.compiler" value="HotSpot 64-Bit Tiered Compilers"/>
    <property name="java.runtime.version" value="1.8.0_333-b02"/>
    <property name="user.name" value="C"/>
    <property name="path.separator" value=";"/>
    <property name="os.version" value="10.0"/>
    <property name="java.endorsed.dirs" value="C:\Program Files\Java\jdk1.8.0_333\jre\lib\endorsed"/>
    <property name="java.runtime.name" value="Java(TM) SE Runtime Environment"/>
    <property name="file.encoding" value="GBK"/>
    <property name="java.vm.name" value="Java HotSpot(TM) 64-Bit Server VM"/>
    <property name="localRepository" value="F:\.m2\repository"/>
    <property name="java.vendor.url.bug" value="http://bugreport.sun.com/bugreport/"/>
    <property name="java.io.tmpdir" value="C:\Users\C\AppData\Local\Temp\"/>
    <property name="idea.version" value="2021.2.3"/>
    <property name="java.version" value="1.8.0_333"/>
    <property name="user.dir" value="J:\wxlp\SpringServer"/>
    <property name="os.arch" value="amd64"/>
    <property name="java.vm.specification.name" value="Java Virtual Machine Specification"/>
    <property name="java.awt.printerjob" value="sun.awt.windows.WPrinterJob"/>
    <property name="sun.os.patch.level" value=""/>
    <property name="java.library.path" value="C:\Program Files\Java\jdk1.8.0_333\jre\bin;C:\WINDOWS\Sun\Java\bin;C:\WINDOWS\system32;C:\WINDOWS;C:\Program Files\Common Files\Oracle\Java\javapath;F:\VMware\bin\;C:\ProgramData\Oracle\Java\javapath;C:\Windows\system32;C:\Windows;C:\Windows\System32\Wbem;C:\Windows\System32\WindowsPowerShell\v1.0\;C:\Windows\System32\OpenSSH\;C:\Program Files\NVIDIA Corporation\NVIDIA NvDLISR;C:\WINDOWS\system32;C:\WINDOWS;C:\WINDOWS\System32\Wbem;C:\WINDOWS\System32\WindowsPowerShell\v1.0\;C:\WINDOWS\System32\OpenSSH\;C:\Program Files\Java\jdk-18.0.1.1\bin;C:\Program Files\dotnet\;C:\Program Files (x86)\dotnet\;F:\apache-maven-3.8.2\bin;C:\Program Files (x86)\NVIDIA Corporation\PhysX\Common;F:\Python;C:\Program Files\7-Zip;E:\Program Files (x86)\Rational\common;C:\Program Files\nodejs;F:\nodejs\;C:\Program Files\Redis;E:\Program Files (x86)\微信web开发者工具\dll;C:\Program Files\Java\jdk-18.0.1.1\jre\bin;c:\ediabas\bin;C:\Program Files\MySQL\MySQL Server 5.5\bin;F:\Python\Python310\Scripts\;F:\Python\Python310\;C:\Users\C\AppData\Local\Microsoft\WindowsApps;C:\Program Files\Azure Data Studio\bin;E:\Program Files\JetBrains\PyCharm 2021.2.3\bin;;C:\Users\C\AppData\Roaming\npm;C:\Program Files\CodeBlocks\MinGW\bin;."/>
    <property name="java.vm.info" value="mixed mode"/>
    <property name="java.vendor" value="Oracle Corporation"/>
    <property name="java.vm.version" value="25.333-b02"/>
    <property name="java.ext.dirs" value="C:\Program Files\Java\jdk1.8.0_333\jre\lib\ext;C:\WINDOWS\Sun\Java\lib\ext"/>
    <property name="sun.io.unicode.encoding" value="UnicodeLittle"/>
    <property name="java.class.version" value="52.0"/>
  </properties>
  <testcase name="contextLoads" classname="com.wclp.springserver.SpringServerApplicationTests" time="0.176"/>
</testsuite>